{
  "stats": {
    "suites": 9,
    "tests": 25,
    "passes": 20,
    "pending": 0,
    "failures": 5,
    "start": "2022-12-18T01:51:36.289Z",
    "end": "2022-12-18T01:59:14.549Z",
    "duration": 365006,
    "testsRegistered": 25,
    "passPercent": 80,
    "pendingPercent": 0,
    "other": 0,
    "hasOther": false,
    "skipped": 0,
    "hasSkipped": false
  },
  "results": [
    {
      "uuid": "e3b3ba56-e5a8-489b-8e78-ca200bd71c44",
      "title": "",
      "fullFile": "cypress\\e2e\\test\\Authenticate.cy.js",
      "file": "cypress\\e2e\\test\\Authenticate.cy.js",
      "beforeHooks": [],
      "afterHooks": [],
      "tests": [],
      "suites": [
        {
          "uuid": "2215f9ea-775f-4484-9c67-6c2c8455fc16",
          "title": "Authenticate various users",
          "fullFile": "",
          "file": "",
          "beforeHooks": [],
          "afterHooks": [],
          "tests": [
            {
              "title": "Signup user valid credentials",
              "fullTitle": "Authenticate various users Signup user valid credentials",
              "timedOut": null,
              "duration": 11000,
              "state": "failed",
              "speed": null,
              "pass": false,
              "fail": true,
              "pending": false,
              "context": null,
              "code": "cy.origin('https://dev-mlluudmotpwoldtv.us.auth0.com', {\n  args: {}\n}, ({}) => {\n  //navigate to the signup form\n  cy.get(`li a[href=\"#\"]`).click(); //sign up a new user with valid email and password\n  cy.get(`input[id*='email']`).type('thishomies@gail.co');\n  cy.get(`[id='1-password']`).type('WordPass1');\n  cy.get(`button[type=\"submit\"]`).click();\n}); //confirm user is signed in\ncy.url().should('include', '/products');",
              "err": {
                "message": "AssertionError: Timed out retrying after 4000ms: expected 'https://dev-mlluudmotpwoldtv.us.auth0.com/login?state=hKFo2SA5d3FfZHNWZkVQR1pqY3o1WWhWTU1LVERfY3FldzdrS6FupWxvZ2luo3RpZNkgY1lOd2JVVFRBSnI3X2VsYjd0NW92UjdqNDJSWG00UzKjY2lk2SBHbzVxVW16cTFLcWNnTzFIUVdNbWI5ZHFxRFVEOElQdQ&client=Go5qUmzq1KqcgO1HQWMmb9dqqDUD8IPu&protocol=oauth2&scope=openid%20profile%20email&response_type=code&redirect_uri=https%3A%2F%2Fui-automation-camp.vercel.app%2Fapi%2Fauth%2Fcallback&nonce=ax5S7uTGet_mS4BGMsm7waCqP3bQ1fiUbiiAycZGACw&code_challenge=97R4ON88EI6qYK8124zZdfVtKbHdLPyLBMm96jzV9_4&code_challenge_method=S256' to include '/products'",
                "estack": "AssertionError: Timed out retrying after 4000ms: expected 'https://dev-mlluudmotpwoldtv.us.auth0.com/login?state=hKFo2SA5d3FfZHNWZkVQR1pqY3o1WWhWTU1LVERfY3FldzdrS6FupWxvZ2luo3RpZNkgY1lOd2JVVFRBSnI3X2VsYjd0NW92UjdqNDJSWG00UzKjY2lk2SBHbzVxVW16cTFLcWNnTzFIUVdNbWI5ZHFxRFVEOElQdQ&client=Go5qUmzq1KqcgO1HQWMmb9dqqDUD8IPu&protocol=oauth2&scope=openid%20profile%20email&response_type=code&redirect_uri=https%3A%2F%2Fui-automation-camp.vercel.app%2Fapi%2Fauth%2Fcallback&nonce=ax5S7uTGet_mS4BGMsm7waCqP3bQ1fiUbiiAycZGACw&code_challenge=97R4ON88EI6qYK8124zZdfVtKbHdLPyLBMm96jzV9_4&code_challenge_method=S256' to include '/products'\n    at Context.eval (webpack:///./cypress/e2e/test/Authenticate.cy.js:24:18)",
                "diff": null
              },
              "uuid": "4de5c93d-6a14-4daf-ae90-0859232c880b",
              "parentUUID": "2215f9ea-775f-4484-9c67-6c2c8455fc16",
              "isHook": false,
              "skipped": false
            }
          ],
          "suites": [],
          "passes": [],
          "failures": [
            "4de5c93d-6a14-4daf-ae90-0859232c880b"
          ],
          "pending": [],
          "skipped": [],
          "duration": 11000,
          "root": false,
          "rootEmpty": false,
          "_timeout": 2000
        }
      ],
      "passes": [],
      "failures": [],
      "pending": [],
      "skipped": [],
      "duration": 0,
      "root": true,
      "rootEmpty": true,
      "_timeout": 2000
    },
    {
      "uuid": "c777f435-2d70-4415-adc9-9f9bfb653298",
      "title": "",
      "fullFile": "cypress\\e2e\\test\\Cart.cy.js",
      "file": "cypress\\e2e\\test\\Cart.cy.js",
      "beforeHooks": [],
      "afterHooks": [],
      "tests": [],
      "suites": [
        {
          "uuid": "9297d75c-6924-40a2-8088-5887f28e6a0e",
          "title": "Verify Product Details",
          "fullFile": "",
          "file": "",
          "beforeHooks": [],
          "afterHooks": [],
          "tests": [
            {
              "title": "Decrease product quantity from Cart Summary",
              "fullTitle": "Verify Product Details Decrease product quantity from Cart Summary",
              "timedOut": null,
              "duration": 18191,
              "state": "failed",
              "speed": null,
              "pass": false,
              "fail": true,
              "pending": false,
              "context": null,
              "code": "//choose an item from gallery page\n_cart.default.selectMacbook(); //increase the qauntity of the product to 2\n\n_cart.default.increaseProductAmt(); //add the products to cart\n\n_cart.default.addLaptopToCart();\ncy.wait(4000); //wait for page to load\n//decrease product to 1 item\n_cart.default.decreaseQuantity();\ncy.get(_cart.default.cartQuantity).should('have.text', '1');\ncy.get(_cart.default.total).should('contain.text', '$2,000.00');\ncy.url().should('include', _routes.default.cart);",
              "err": {
                "message": "AssertionError: Timed out retrying after 4000ms: Expected to find element: `button[title='Decrement quantity']`, but never found it.",
                "estack": "AssertionError: Timed out retrying after 4000ms: Expected to find element: `button[title='Decrement quantity']`, but never found it.\n    at CartFlow.decreaseQuantity (webpack:///./cypress/e2e/pageobjects/cart.page.js:75:11)\n    at Context.eval (webpack:///./cypress/e2e/test/Cart.cy.js:33:17)",
                "diff": null
              },
              "uuid": "e805f4d8-78e3-4740-93b5-b5f9b9561250",
              "parentUUID": "9297d75c-6924-40a2-8088-5887f28e6a0e",
              "isHook": false,
              "skipped": false
            },
            {
              "title": "Remove an item from the cart summary page",
              "fullTitle": "Verify Product Details Remove an item from the cart summary page",
              "timedOut": null,
              "duration": 13381,
              "state": "passed",
              "speed": "slow",
              "pass": true,
              "fail": false,
              "pending": false,
              "context": null,
              "code": "//choose an item from gallery page       \n_cart.default.selectMacbook(); //wait for page to load\n\ncy.wait(3000); //add the products to cart\n_cart.default.addLaptopToCart(); //wait for page to load\n\ncy.wait(1000); //remove laptop from cart\n_cart.default.deleteFromCart();\ncy.wait(1000);\ncy.get(_cart.default.cartAmount).should('have.text', ' 0 ');\ncy.get(_cart.default.cartQuantity).should('not.exist');\ncy.get(_cart.default.total).should('not.exist');\ncy.url().should('include', _routes.default.cart);",
              "err": {},
              "uuid": "ada3d7c5-0735-4a86-8222-68413301e0c0",
              "parentUUID": "9297d75c-6924-40a2-8088-5887f28e6a0e",
              "isHook": false,
              "skipped": false
            },
            {
              "title": "Return to the product detail page",
              "fullTitle": "Verify Product Details Return to the product detail page",
              "timedOut": null,
              "duration": 10505,
              "state": "passed",
              "speed": "slow",
              "pass": true,
              "fail": false,
              "pending": false,
              "context": null,
              "code": "//choose 2 items from gallery page \n_cart.default.addPillow();\n_cart.default.selectMacbook(); //wait for page to load\n\ncy.wait(1000); //add the products to cart\n_cart.default.addLaptopToCart(); //return to product detail page\n\n_cart.default.navigateToPageDetail();\ncy.get(_cart.default.title).should('contain.text', 'Mackbook Pro');\ncy.get(_cart.default.quantity).should('contain.value', '1');\ncy.get(_cart.default.total).should('not.exist');\ncy.url().should('include', _routes.default.laptopDetail);",
              "err": {},
              "uuid": "8768c2b2-6271-4dd4-a2f4-301dabdbebf1",
              "parentUUID": "9297d75c-6924-40a2-8088-5887f28e6a0e",
              "isHook": false,
              "skipped": false
            }
          ],
          "suites": [],
          "passes": [
            "ada3d7c5-0735-4a86-8222-68413301e0c0",
            "8768c2b2-6271-4dd4-a2f4-301dabdbebf1"
          ],
          "failures": [
            "e805f4d8-78e3-4740-93b5-b5f9b9561250"
          ],
          "pending": [],
          "skipped": [],
          "duration": 42077,
          "root": false,
          "rootEmpty": false,
          "_timeout": 2000
        }
      ],
      "passes": [],
      "failures": [],
      "pending": [],
      "skipped": [],
      "duration": 0,
      "root": true,
      "rootEmpty": true,
      "_timeout": 2000
    },
    {
      "uuid": "2267922b-8b3f-4363-861e-36647c4b15df",
      "title": "",
      "fullFile": "cypress\\e2e\\test\\Checkout.cy.js",
      "file": "cypress\\e2e\\test\\Checkout.cy.js",
      "beforeHooks": [],
      "afterHooks": [],
      "tests": [],
      "suites": [
        {
          "uuid": "36d11a69-3a65-4f36-a389-9060913fcbc4",
          "title": "Complete a Checkout Workflow",
          "fullFile": "",
          "file": "",
          "beforeHooks": [],
          "afterHooks": [],
          "tests": [
            {
              "title": "Add a product to complete billing using faker",
              "fullTitle": "Complete a Checkout Workflow Add a product to complete billing using faker",
              "timedOut": null,
              "duration": 23605,
              "state": "passed",
              "speed": "slow",
              "pass": true,
              "fail": false,
              "pending": false,
              "context": null,
              "code": "_checkout.default.completeBilling(); //complete the billing form \n\ncy.url().should('include', _routes.default.checkout);\ncy.get(_checkout.default.titleOfPage).should('have.text', ' Billing ');\ncy.get(_checkout.default.continueShopping).should('be.visible');",
              "err": {},
              "uuid": "429f46d2-151f-409c-a63e-7fe3dc677da7",
              "parentUUID": "36d11a69-3a65-4f36-a389-9060913fcbc4",
              "isHook": false,
              "skipped": false
            },
            {
              "title": "Complete Payment for Order",
              "fullTitle": "Complete a Checkout Workflow Complete Payment for Order",
              "timedOut": null,
              "duration": 20835,
              "state": "passed",
              "speed": "slow",
              "pass": true,
              "fail": false,
              "pending": false,
              "context": null,
              "code": "_checkout.default.completeBilling(); //continue to checkout\n\n_checkout.default.continueToPayment(); //complete the billing form \n\n_checkout.default.makePayment(); //proceed to enter and submit payment details\n\ncy.get(_checkout.default.titleOfPage).should('have.text', ' Billing ');\ncy.get(_checkout.default.continueShopping).should('be.visible');\ncy.get(_checkout.default.placeOrderBtn).should('be.visible');",
              "err": {},
              "uuid": "de994dbb-37ae-4510-a062-36b3d3c8cde6",
              "parentUUID": "36d11a69-3a65-4f36-a389-9060913fcbc4",
              "isHook": false,
              "skipped": false
            },
            {
              "title": "Verify Order is complete",
              "fullTitle": "Complete a Checkout Workflow Verify Order is complete",
              "timedOut": null,
              "duration": 25685,
              "state": "failed",
              "speed": null,
              "pass": false,
              "fail": true,
              "pending": false,
              "context": null,
              "code": "_checkout.default.completeBilling(); //continue to checkout\n\n_checkout.default.continueToPayment(); //complete the billing form \n\n_checkout.default.confirmPaymemt(); //proceed to enter and submit payment details\n\ncy.url().should('contain', 'order');\ncy.wait(2000); //wait for order page to load\ncy.get(_checkout.default.confirmation).should('be.visible');\ncy.get(_checkout.default.invoice).should('be.visible');",
              "err": {
                "message": "CypressError: Timed out retrying after 4050ms: `cy.click()` failed because the page updated while this command was executing. Cypress tried to locate elements based on this query:\n\n> cy.get(button[type='submit'])\n\nWe initially found matching element(s), but while waiting for them to become actionable, they disappeared from the page. Common situations why this happens:\n  - Your JS framework re-rendered asynchronously\n  - Your app code reacted to an event firing and removed the element\n\nYou can typically solve this by breaking up a chain. For example, rewrite:\n\n> `cy.get('button').click().click()`\n\nto\n\n> `cy.get('button').as('btn').click()`\n> `cy.get('@btn').click()`\n\nhttps://on.cypress.io/element-has-detached-from-dom",
                "estack": "CypressError: Timed out retrying after 4050ms: `cy.click()` failed because the page updated while this command was executing. Cypress tried to locate elements based on this query:\n\n> cy.get(button[type='submit'])\n\nWe initially found matching element(s), but while waiting for them to become actionable, they disappeared from the page. Common situations why this happens:\n  - Your JS framework re-rendered asynchronously\n  - Your app code reacted to an event firing and removed the element\n\nYou can typically solve this by breaking up a chain. For example, rewrite:\n\n> `cy.get('button').click().click()`\n\nto\n\n> `cy.get('button').as('btn').click()`\n> `cy.get('@btn').click()`\n\nhttps://on.cypress.io/element-has-detached-from-dom\n    at retryActionability (https://ui-automation-camp.vercel.app/__cypress/runner/cypress_runner.js:133700:82)\n    at tryCatcher (https://ui-automation-camp.vercel.app/__cypress/runner/cypress_runner.js:11327:23)\n    at Promise.attempt.Promise.try (https://ui-automation-camp.vercel.app/__cypress/runner/cypress_runner.js:8601:29)\n    at whenStable (https://ui-automation-camp.vercel.app/__cypress/runner/cypress_runner.js:151606:65)\n    at <unknown> (https://ui-automation-camp.vercel.app/__cypress/runner/cypress_runner.js:151014:14)\n    at tryCatcher (https://ui-automation-camp.vercel.app/__cypress/runner/cypress_runner.js:11327:23)\n    at Promise._settlePromiseFromHandler (https://ui-automation-camp.vercel.app/__cypress/runner/cypress_runner.js:9262:31)\n    at Promise._settlePromise (https://ui-automation-camp.vercel.app/__cypress/runner/cypress_runner.js:9319:18)\n    at Promise._settlePromise0 (https://ui-automation-camp.vercel.app/__cypress/runner/cypress_runner.js:9364:10)\n    at Promise._settlePromises (https://ui-automation-camp.vercel.app/__cypress/runner/cypress_runner.js:9444:18)\n    at Promise._fulfill (https://ui-automation-camp.vercel.app/__cypress/runner/cypress_runner.js:9388:18)\n    at <unknown> (https://ui-automation-camp.vercel.app/__cypress/runner/cypress_runner.js:11002:46)\nFrom Your Spec Code:\n    at CompleteOrder.confirmPaymemt (webpack:///./cypress/e2e/pageobjects/checkout.page.js:126:35)\n    at Context.eval (webpack:///./cypress/e2e/test/Checkout.cy.js:57:20)",
                "diff": null
              },
              "uuid": "4a7cc575-9bc9-4c3e-bdb6-080ac25374e2",
              "parentUUID": "36d11a69-3a65-4f36-a389-9060913fcbc4",
              "isHook": false,
              "skipped": false
            }
          ],
          "suites": [],
          "passes": [
            "429f46d2-151f-409c-a63e-7fe3dc677da7",
            "de994dbb-37ae-4510-a062-36b3d3c8cde6"
          ],
          "failures": [
            "4a7cc575-9bc9-4c3e-bdb6-080ac25374e2"
          ],
          "pending": [],
          "skipped": [],
          "duration": 70125,
          "root": false,
          "rootEmpty": false,
          "_timeout": 2000
        }
      ],
      "passes": [],
      "failures": [],
      "pending": [],
      "skipped": [],
      "duration": 0,
      "root": true,
      "rootEmpty": true,
      "_timeout": 2000
    },
    {
      "uuid": "68a8af6d-33c9-41b5-8449-46a424f9694e",
      "title": "",
      "fullFile": "cypress\\e2e\\test\\Contact.cy.js",
      "file": "cypress\\e2e\\test\\Contact.cy.js",
      "beforeHooks": [],
      "afterHooks": [],
      "tests": [],
      "suites": [
        {
          "uuid": "b0e193e6-16b3-4652-b66e-4ad7627eaa1c",
          "title": "Use various options on the Contact page",
          "fullFile": "",
          "file": "",
          "beforeHooks": [],
          "afterHooks": [],
          "tests": [
            {
              "title": "Verify that incomplete form will not be submitted",
              "fullTitle": "Use various options on the Contact page Verify that incomplete form will not be submitted",
              "timedOut": null,
              "duration": 13652,
              "state": "passed",
              "speed": "slow",
              "pass": true,
              "fail": false,
              "pending": false,
              "context": null,
              "code": "_contact.default.contactFormBad(); //faker will complete form without message and submit\n\ncy.get(_contact.default.errorMsg).should('be.visible');\ncy.get(_contact.default.errorMsg).should('contain.text', 'Field is required');\ncy.url().should('contain', _routes.default.contact);",
              "err": {},
              "uuid": "90db9b78-abc5-41d7-9c69-9d076d49c5ed",
              "parentUUID": "b0e193e6-16b3-4652-b66e-4ad7627eaa1c",
              "isHook": false,
              "skipped": false
            },
            {
              "title": "Verify that completed form will be submitted",
              "fullTitle": "Use various options on the Contact page Verify that completed form will be submitted",
              "timedOut": null,
              "duration": 14832,
              "state": "passed",
              "speed": "slow",
              "pass": true,
              "fail": false,
              "pending": false,
              "context": null,
              "code": "_contact.default.contactForm(); //a faker is used to complete form and submit\n\ncy.get(_contact.default.confirmation).should('be.visible');\ncy.get(_contact.default.confirmation).should('contain.text', 'Message Sent!Your message has been sent!');",
              "err": {},
              "uuid": "723279c4-4823-4fdb-94fe-e9e6303bd1ca",
              "parentUUID": "b0e193e6-16b3-4652-b66e-4ad7627eaa1c",
              "isHook": false,
              "skipped": false
            },
            {
              "title": "Verify url for LinkedIn",
              "fullTitle": "Use various options on the Contact page Verify url for LinkedIn",
              "timedOut": null,
              "duration": 9615,
              "state": "passed",
              "speed": "medium",
              "pass": true,
              "fail": false,
              "pending": false,
              "context": null,
              "code": "_contact.default.contactViaLinkedIn();\ncy.get(_contact.default.confirmation).should('not.be.visible'); //verify that the link is present\ncy.get(_contact.default.linkedinBtn).should('have.attr', 'href', 'https://www.linkedin.com/company/qualityworks-consulting-group-llc');",
              "err": {},
              "uuid": "48d32057-7a12-47d0-95f4-d9e047b02085",
              "parentUUID": "b0e193e6-16b3-4652-b66e-4ad7627eaa1c",
              "isHook": false,
              "skipped": false
            }
          ],
          "suites": [],
          "passes": [
            "90db9b78-abc5-41d7-9c69-9d076d49c5ed",
            "723279c4-4823-4fdb-94fe-e9e6303bd1ca",
            "48d32057-7a12-47d0-95f4-d9e047b02085"
          ],
          "failures": [],
          "pending": [],
          "skipped": [],
          "duration": 38099,
          "root": false,
          "rootEmpty": false,
          "_timeout": 2000
        }
      ],
      "passes": [],
      "failures": [],
      "pending": [],
      "skipped": [],
      "duration": 0,
      "root": true,
      "rootEmpty": true,
      "_timeout": 2000
    },
    {
      "uuid": "83fa7317-304b-4c6d-a97a-9b2f669b23c9",
      "title": "",
      "fullFile": "cypress\\e2e\\test\\productDetail.cy.js",
      "file": "cypress\\e2e\\test\\productDetail.cy.js",
      "beforeHooks": [],
      "afterHooks": [],
      "tests": [],
      "suites": [
        {
          "uuid": "a2c83dcd-6c65-4bb4-92bc-4f9572cdfb9b",
          "title": "Verify Product Details",
          "fullFile": "",
          "file": "",
          "beforeHooks": [],
          "afterHooks": [],
          "tests": [
            {
              "title": "Switch images on product detail page",
              "fullTitle": "Verify Product Details Switch images on product detail page",
              "timedOut": null,
              "duration": 15148,
              "state": "passed",
              "speed": "slow",
              "pass": true,
              "fail": false,
              "pending": false,
              "context": null,
              "code": "//go to the product detail page \n_pDetail.default.goToDetailPage();\ncy.wait(2000); //switch images \n_pDetail.default.imageSwitch();\ncy.wait(1000);\ncy.get(_pDetail.default.imageTwo).should('contain.text', '2 of 2'); //this image should be the selected in the main view\ncy.url().should('contain', _routes.default.detailed); //test should be done on product detail page",
              "err": {},
              "uuid": "98393333-db6f-40e3-8e05-7c7a2333a633",
              "parentUUID": "a2c83dcd-6c65-4bb4-92bc-4f9572cdfb9b",
              "isHook": false,
              "skipped": false
            },
            {
              "title": "Add an item to cart from the product detail page",
              "fullTitle": "Verify Product Details Add an item to cart from the product detail page",
              "timedOut": null,
              "duration": 13327,
              "state": "passed",
              "speed": "slow",
              "pass": true,
              "fail": false,
              "pending": false,
              "context": null,
              "code": "//go to the product detail page \n_pDetail.default.goToDetailPage(); //wait for page to load\n\ncy.wait(3000); //add item to the cart \n_pDetail.default.addSweatshirt();\ncy.get(_pDetail.default.cart).should('be.visible'); //this image should be the selected in the main view\ncy.url().should('include', _routes.default.detailed); //test should be done on product detail page\ncy.get(_pDetail.default.cart).should('contain.text', '50'); //the price of the item should be reflected in cart",
              "err": {},
              "uuid": "913e313e-4834-4ce0-9462-cb14af05a9ce",
              "parentUUID": "a2c83dcd-6c65-4bb4-92bc-4f9572cdfb9b",
              "isHook": false,
              "skipped": false
            },
            {
              "title": "Confirm Back to Products button directs to the product gallery page",
              "fullTitle": "Verify Product Details Confirm Back to Products button directs to the product gallery page",
              "timedOut": null,
              "duration": 10522,
              "state": "passed",
              "speed": "slow",
              "pass": true,
              "fail": false,
              "pending": false,
              "context": null,
              "code": "//go to the product detail page \n_pDetail.default.goToDetailPage(); //add item to the cart \n\n_pDetail.default.backToMain();\ncy.get(_pDetail.default.homeBtn).should('be.visible'); //page should have a Home button\ncy.url().should('contain', _routes.default.products); //should be directed to the product gallery page\ncy.get(_pDetail.default.Iframe).should('be.visible'); //this image should not be in the main view",
              "err": {},
              "uuid": "8004659c-cf12-478a-8d4a-a94779c61645",
              "parentUUID": "a2c83dcd-6c65-4bb4-92bc-4f9572cdfb9b",
              "isHook": false,
              "skipped": false
            }
          ],
          "suites": [],
          "passes": [
            "98393333-db6f-40e3-8e05-7c7a2333a633",
            "913e313e-4834-4ce0-9462-cb14af05a9ce",
            "8004659c-cf12-478a-8d4a-a94779c61645"
          ],
          "failures": [],
          "pending": [],
          "skipped": [],
          "duration": 38997,
          "root": false,
          "rootEmpty": false,
          "_timeout": 2000
        }
      ],
      "passes": [],
      "failures": [],
      "pending": [],
      "skipped": [],
      "duration": 0,
      "root": true,
      "rootEmpty": true,
      "_timeout": 2000
    },
    {
      "uuid": "c72f42b8-6bd1-4387-8147-900cb486738a",
      "title": "",
      "fullFile": "cypress\\e2e\\test\\productGallery.cy.js",
      "file": "cypress\\e2e\\test\\productGallery.cy.js",
      "beforeHooks": [],
      "afterHooks": [],
      "tests": [],
      "suites": [
        {
          "uuid": "d89567c5-4552-4a54-b871-bc74153fa589",
          "title": "Product Gallery",
          "fullFile": "",
          "file": "",
          "beforeHooks": [],
          "afterHooks": [],
          "tests": [
            {
              "title": "Add a product with a quantity of 2 to cart from the product gallery page",
              "fullTitle": "Product Gallery Add a product with a quantity of 2 to cart from the product gallery page",
              "timedOut": null,
              "duration": 23238,
              "state": "failed",
              "speed": null,
              "pass": false,
              "fail": true,
              "pending": false,
              "context": null,
              "code": "//clear the quantity field and increase amount\n_pgallery.default.increaseAmt(); //add the product to cart\n\n_pgallery.default.addSweatshirtToCart(); //wait 4 seconds for page to update\n\ncy.wait(4000); //verify that product is added to cart\ncy.get(_pgallery.default.cartIcon).should('contain.text', '$100'); // cy.get(`//button[@data-item-id='quality-sweatshirt-hooded']`).should('be.visible')\n// cy.get(``)",
              "err": {
                "message": "AssertionError: Timed out retrying after 4000ms: expected '<button#top-cart.chakra-button.snipcart-checkout.css-186fne3>' to contain text '$100', but the text was '$0.00'",
                "estack": "AssertionError: Timed out retrying after 4000ms: expected '<button#top-cart.chakra-button.snipcart-checkout.css-186fne3>' to contain text '$100', but the text was '$0.00'\n    at Context.eval (webpack:///./cypress/e2e/test/productGallery.cy.js:35:38)",
                "diff": "- '$0.00'\n+ '$100'\n"
              },
              "uuid": "026d2f4a-26c3-4f6d-9289-2dd9d3e3eb07",
              "parentUUID": "d89567c5-4552-4a54-b871-bc74153fa589",
              "isHook": false,
              "skipped": false
            },
            {
              "title": "Verify clicking the cart icon directs you to the cart summary",
              "fullTitle": "Product Gallery Verify clicking the cart icon directs you to the cart summary",
              "timedOut": null,
              "duration": 14799,
              "state": "passed",
              "speed": "slow",
              "pass": true,
              "fail": false,
              "pending": false,
              "context": null,
              "code": "//add jean pants to cart\n_pgallery.default.addJeanPants(); //wait 3 seconds for page to update\n\ncy.wait(3000); //click cart button\n_pgallery.default.checkCart(); //verify cart summary is open\n\ncy.get(_pgallery.default.cartIcon).should('be.visible');\ncy.get(_pgallery.default.summary).should('contain.text', 'Cart summary');",
              "err": {},
              "uuid": "0e3af13f-4659-4575-ae2e-2c12f60686bb",
              "parentUUID": "d89567c5-4552-4a54-b871-bc74153fa589",
              "isHook": false,
              "skipped": false
            },
            {
              "title": "Sign user out from product gallery page",
              "fullTitle": "Product Gallery Sign user out from product gallery page",
              "timedOut": null,
              "duration": 11855,
              "state": "passed",
              "speed": "slow",
              "pass": true,
              "fail": false,
              "pending": false,
              "context": null,
              "code": "//click sign out button\n_pgallery.default.signOutUser(); //verify the user is signed out\n\ncy.get('.chakra-heading.css-xrxou1').should('contain.text', 'Welcome to the Automation Camp Store');\ncy.get('#signInOrRegister').should('be.visible');\ncy.url().should('contain', _routes.default.main);",
              "err": {},
              "uuid": "2992dfb0-a2da-4b0c-a36f-233e82893934",
              "parentUUID": "d89567c5-4552-4a54-b871-bc74153fa589",
              "isHook": false,
              "skipped": false
            }
          ],
          "suites": [],
          "passes": [
            "0e3af13f-4659-4575-ae2e-2c12f60686bb",
            "2992dfb0-a2da-4b0c-a36f-233e82893934"
          ],
          "failures": [
            "026d2f4a-26c3-4f6d-9289-2dd9d3e3eb07"
          ],
          "pending": [],
          "skipped": [],
          "duration": 49892,
          "root": false,
          "rootEmpty": false,
          "_timeout": 2000
        }
      ],
      "passes": [],
      "failures": [],
      "pending": [],
      "skipped": [],
      "duration": 0,
      "root": true,
      "rootEmpty": true,
      "_timeout": 2000
    },
    {
      "uuid": "febad387-94e5-41f6-91f0-921972936d7c",
      "title": "",
      "fullFile": "cypress\\e2e\\test\\Searches.cy.js",
      "file": "cypress\\e2e\\test\\Searches.cy.js",
      "beforeHooks": [],
      "afterHooks": [],
      "tests": [],
      "suites": [
        {
          "uuid": "21c3cd97-4513-451d-a768-212d2bc0987e",
          "title": "Make various searches",
          "fullFile": "",
          "file": "",
          "beforeHooks": [],
          "afterHooks": [],
          "tests": [
            {
              "title": "Search the partial name of a product",
              "fullTitle": "Make various searches Search the partial name of a product",
              "timedOut": null,
              "duration": 14333,
              "state": "passed",
              "speed": "slow",
              "pass": true,
              "fail": false,
              "pending": false,
              "context": null,
              "code": "//t\n_search.default.enterSearch('mou');\ncy.get(_search.default.mousepadImg).should('be.visible');\ncy.get(_search.default.mousepadPrice).should('include.text', '20');\ncy.get(_search.default.mousepadCart).should('be.visible');",
              "err": {},
              "uuid": "0c5fcc11-14c9-49c4-af8c-2c327d5839d9",
              "parentUUID": "21c3cd97-4513-451d-a768-212d2bc0987e",
              "isHook": false,
              "skipped": false
            },
            {
              "title": "Search the wrong name of a product",
              "fullTitle": "Make various searches Search the wrong name of a product",
              "timedOut": null,
              "duration": 11948,
              "state": "passed",
              "speed": "slow",
              "pass": true,
              "fail": false,
              "pending": false,
              "context": null,
              "code": "_search.default.enterSearch('jacket');\ncy.get(_search.default.mousepadImg).should('not.exist');\ncy.get(_search.default.noProduct).should('be.visible');\ncy.get(_search.default.noProduct).should('be.empty');\ncy.get(_search.default.mousepadCart).should('not.exist');",
              "err": {},
              "uuid": "86f66e18-60ad-422f-9399-f445f77d52cc",
              "parentUUID": "21c3cd97-4513-451d-a768-212d2bc0987e",
              "isHook": false,
              "skipped": false
            },
            {
              "title": "Search the name of a product under a category",
              "fullTitle": "Make various searches Search the name of a product under a category",
              "timedOut": null,
              "duration": 11396,
              "state": "failed",
              "speed": null,
              "pass": false,
              "fail": true,
              "pending": false,
              "context": null,
              "code": "_search.default.selectCategory('p');\n_search.default.enterSearch('cargo');\ncy.get(_search.default.mousepadImg).should('not.exist'). //a product name that does not include the searched should not exist on the search result\ncy.get(_search.default.cargo).should('be.visible'); //the product searched search be visible on the product gallery page\ncy.get(_search.default.tag).should('contain.text', 'pants');",
              "err": {
                "message": "TypeError: Cannot read properties of undefined (reading 'get')",
                "estack": "TypeError: Cannot read properties of undefined (reading 'get')\n    at Context.eval (webpack:///./cypress/e2e/test/Searches.cy.js:48:11)",
                "diff": null
              },
              "uuid": "ed79d019-61ba-4643-a13e-f6032fb2a14c",
              "parentUUID": "21c3cd97-4513-451d-a768-212d2bc0987e",
              "isHook": false,
              "skipped": false
            }
          ],
          "suites": [],
          "passes": [
            "0c5fcc11-14c9-49c4-af8c-2c327d5839d9",
            "86f66e18-60ad-422f-9399-f445f77d52cc"
          ],
          "failures": [
            "ed79d019-61ba-4643-a13e-f6032fb2a14c"
          ],
          "pending": [],
          "skipped": [],
          "duration": 37677,
          "root": false,
          "rootEmpty": false,
          "_timeout": 2000
        }
      ],
      "passes": [],
      "failures": [],
      "pending": [],
      "skipped": [],
      "duration": 0,
      "root": true,
      "rootEmpty": true,
      "_timeout": 2000
    },
    {
      "uuid": "1b4c2451-02e5-43d4-8b61-738c832bf8f6",
      "title": "",
      "fullFile": "cypress\\e2e\\test\\Sort.cy.js",
      "file": "cypress\\e2e\\test\\Sort.cy.js",
      "beforeHooks": [],
      "afterHooks": [],
      "tests": [],
      "suites": [
        {
          "uuid": "084c9948-9782-4fa7-9556-e9089ae75a06",
          "title": "Sort product gallery page",
          "fullFile": "",
          "file": "",
          "beforeHooks": [],
          "afterHooks": [],
          "tests": [
            {
              "title": "Sort products from High to Low",
              "fullTitle": "Sort product gallery page Sort products from High to Low",
              "timedOut": null,
              "duration": 17634,
              "state": "passed",
              "speed": "slow",
              "pass": true,
              "fail": false,
              "pending": false,
              "context": null,
              "code": "_sortProducts.default.sortItems(_sort.default.sort['High to Low']); //Sort the data list based on price, from high to low\n\n_sort.default.products.sort((a, b) => b.price - a.price);\ncy.get(_sortProducts.default.productPrices).each(($elem, index) => {\n  expect($elem.text()).equal(`$${_sort.default.products[index].price}`);\n});",
              "err": {},
              "uuid": "57b61e12-e567-477a-a8df-b4427781b8ae",
              "parentUUID": "084c9948-9782-4fa7-9556-e9089ae75a06",
              "isHook": false,
              "skipped": false
            },
            {
              "title": "Sort products from low to high",
              "fullTitle": "Sort product gallery page Sort products from low to high",
              "timedOut": null,
              "duration": 13838,
              "state": "passed",
              "speed": "slow",
              "pass": true,
              "fail": false,
              "pending": false,
              "context": null,
              "code": "_sortProducts.default.sortItems(_sort.default.sort['Low to High']); //Sort the data list based on price, from high to low\n\n_sort.default.products.sort((a, b) => a.price - b.price);\ncy.get(_sortProducts.default.productPrices).each(($elem, index) => {\n  expect($elem.text()).equal(`$${_sort.default.products[index].price}`);\n});",
              "err": {},
              "uuid": "1becedf4-ce7e-4f7d-aa66-277d31b15151",
              "parentUUID": "084c9948-9782-4fa7-9556-e9089ae75a06",
              "isHook": false,
              "skipped": false
            },
            {
              "title": "Sort products list from A to Z",
              "fullTitle": "Sort product gallery page Sort products list from A to Z",
              "timedOut": null,
              "duration": 12966,
              "state": "passed",
              "speed": "slow",
              "pass": true,
              "fail": false,
              "pending": false,
              "context": null,
              "code": "_sortProducts.default.sortItems(_sort.default.sort['A to Z']); //Sort the data list based on name, from A to Z\n\n_sort.default.Products.sort();\ncy.get(_sortProducts.default.productName).each(($elem, index) => {\n  expect($elem.text()).equal(_sort.default.Products[index].name);\n});",
              "err": {},
              "uuid": "d3525571-5aec-4fab-a2d6-89b1579a4205",
              "parentUUID": "084c9948-9782-4fa7-9556-e9089ae75a06",
              "isHook": false,
              "skipped": false
            }
          ],
          "suites": [],
          "passes": [
            "57b61e12-e567-477a-a8df-b4427781b8ae",
            "1becedf4-ce7e-4f7d-aa66-277d31b15151",
            "d3525571-5aec-4fab-a2d6-89b1579a4205"
          ],
          "failures": [],
          "pending": [],
          "skipped": [],
          "duration": 44438,
          "root": false,
          "rootEmpty": false,
          "_timeout": 2000
        }
      ],
      "passes": [],
      "failures": [],
      "pending": [],
      "skipped": [],
      "duration": 0,
      "root": true,
      "rootEmpty": true,
      "_timeout": 2000
    },
    {
      "uuid": "b806635c-7321-4c77-a1fe-c718245bae11",
      "title": "",
      "fullFile": "cypress\\e2e\\test\\AddtoCart.cy.js",
      "file": "cypress\\e2e\\test\\AddtoCart.cy.js",
      "beforeHooks": [],
      "afterHooks": [],
      "tests": [],
      "suites": [
        {
          "uuid": "11480627-f764-465a-9dfb-cac3cc5ed733",
          "title": "Verify Product Details",
          "fullFile": "",
          "file": "",
          "beforeHooks": [],
          "afterHooks": [],
          "tests": [
            {
              "title": "Select an item from the product gallery page",
              "fullTitle": "Verify Product Details Select an item from the product gallery page",
              "timedOut": null,
              "duration": 15210,
              "state": "passed",
              "speed": "slow",
              "pass": true,
              "fail": false,
              "pending": false,
              "context": null,
              "code": "//choose an item from gallery page\n_cart.default.selectMacbook();\ncy.get(_cart.default.title).should('be.visible');\ncy.get(_cart.default.title).should('contain.text', 'Mackbook Pro'); //title of product should be on page\ncy.url().should('include', _routes.default.laptopDetail); //should be directed to this product detail page",
              "err": {},
              "uuid": "dfa7b1f6-c9a3-40dc-b6de-fe47e5b4a10a",
              "parentUUID": "11480627-f764-465a-9dfb-cac3cc5ed733",
              "isHook": false,
              "skipped": false
            },
            {
              "title": "Increase product quantity from the product detail page",
              "fullTitle": "Verify Product Details Increase product quantity from the product detail page",
              "timedOut": null,
              "duration": 7513,
              "state": "passed",
              "speed": "medium",
              "pass": true,
              "fail": false,
              "pending": false,
              "context": null,
              "code": "//choose an item from gallery page\n_cart.default.selectMacbook(); //increase the qauntity of the product to 2\n\n_cart.default.increaseProductAmt();\ncy.get(_cart.default.quantity).should('contain.value', '2'); //increased number should be shown\ncy.get(_cart.default.price).should('contain.text', '2000'); //price of product should be on page\ncy.url().should('include', _routes.default.laptopDetail);",
              "err": {},
              "uuid": "6df54371-2fca-4893-8a86-3cc189e76fbc",
              "parentUUID": "11480627-f764-465a-9dfb-cac3cc5ed733",
              "isHook": false,
              "skipped": false
            },
            {
              "title": "Add items to the cart from the product detail page",
              "fullTitle": "Verify Product Details Add items to the cart from the product detail page",
              "timedOut": null,
              "duration": 9978,
              "state": "passed",
              "speed": "medium",
              "pass": true,
              "fail": false,
              "pending": false,
              "context": null,
              "code": "//choose an item from gallery page\n_cart.default.selectMacbook(); //increase the qauntity of the product to 2\n\n_cart.default.increaseProductAmt(); //add the products to cart\n\n_cart.default.addLaptopToCart();\ncy.get(_cart.default.title).should('contain.text', 'Mackbook Pro');\ncy.get(_cart.default.cartQuantity).should('contain.text', '2');\ncy.url().should('include', _routes.default.cart); //should be routed to cart page",
              "err": {},
              "uuid": "7ece782c-a9bc-4c36-8d0a-b081ba4acee3",
              "parentUUID": "11480627-f764-465a-9dfb-cac3cc5ed733",
              "isHook": false,
              "skipped": false
            }
          ],
          "suites": [],
          "passes": [
            "dfa7b1f6-c9a3-40dc-b6de-fe47e5b4a10a",
            "6df54371-2fca-4893-8a86-3cc189e76fbc",
            "7ece782c-a9bc-4c36-8d0a-b081ba4acee3"
          ],
          "failures": [],
          "pending": [],
          "skipped": [],
          "duration": 32701,
          "root": false,
          "rootEmpty": false,
          "_timeout": 2000
        }
      ],
      "passes": [],
      "failures": [],
      "pending": [],
      "skipped": [],
      "duration": 0,
      "root": true,
      "rootEmpty": true,
      "_timeout": 2000
    }
  ],
  "meta": {
    "mocha": {
      "version": "7.0.1"
    },
    "mochawesome": {
      "options": {
        "quiet": false,
        "reportFilename": "mochawesome",
        "saveHtml": false,
        "saveJson": true,
        "consoleReporter": "spec",
        "useInlineDiffs": false,
        "code": true
      },
      "version": "7.1.3"
    },
    "marge": {
      "options": {
        "reportDir": "cypress/reports",
        "overwrite": false,
        "html": false,
        "json": true
      },
      "version": "6.2.0"
    }
  }
}