{
  "stats": {
    "suites": 1,
    "tests": 3,
    "passes": 3,
    "pending": 0,
    "failures": 0,
    "start": "2022-12-18T01:58:28.988Z",
    "end": "2022-12-18T01:59:14.549Z",
    "duration": 45561,
    "testsRegistered": 3,
    "passPercent": 100,
    "pendingPercent": 0,
    "other": 0,
    "hasOther": false,
    "skipped": 0,
    "hasSkipped": false
  },
  "results": [
    {
      "uuid": "1b4c2451-02e5-43d4-8b61-738c832bf8f6",
      "title": "",
      "fullFile": "cypress\\e2e\\test\\Sort.cy.js",
      "file": "cypress\\e2e\\test\\Sort.cy.js",
      "beforeHooks": [],
      "afterHooks": [],
      "tests": [],
      "suites": [
        {
          "uuid": "084c9948-9782-4fa7-9556-e9089ae75a06",
          "title": "Sort product gallery page",
          "fullFile": "",
          "file": "",
          "beforeHooks": [],
          "afterHooks": [],
          "tests": [
            {
              "title": "Sort products from High to Low",
              "fullTitle": "Sort product gallery page Sort products from High to Low",
              "timedOut": null,
              "duration": 17634,
              "state": "passed",
              "speed": "slow",
              "pass": true,
              "fail": false,
              "pending": false,
              "context": null,
              "code": "_sortProducts.default.sortItems(_sort.default.sort['High to Low']); //Sort the data list based on price, from high to low\n\n_sort.default.products.sort((a, b) => b.price - a.price);\ncy.get(_sortProducts.default.productPrices).each(($elem, index) => {\n  expect($elem.text()).equal(`$${_sort.default.products[index].price}`);\n});",
              "err": {},
              "uuid": "57b61e12-e567-477a-a8df-b4427781b8ae",
              "parentUUID": "084c9948-9782-4fa7-9556-e9089ae75a06",
              "isHook": false,
              "skipped": false
            },
            {
              "title": "Sort products from low to high",
              "fullTitle": "Sort product gallery page Sort products from low to high",
              "timedOut": null,
              "duration": 13838,
              "state": "passed",
              "speed": "slow",
              "pass": true,
              "fail": false,
              "pending": false,
              "context": null,
              "code": "_sortProducts.default.sortItems(_sort.default.sort['Low to High']); //Sort the data list based on price, from high to low\n\n_sort.default.products.sort((a, b) => a.price - b.price);\ncy.get(_sortProducts.default.productPrices).each(($elem, index) => {\n  expect($elem.text()).equal(`$${_sort.default.products[index].price}`);\n});",
              "err": {},
              "uuid": "1becedf4-ce7e-4f7d-aa66-277d31b15151",
              "parentUUID": "084c9948-9782-4fa7-9556-e9089ae75a06",
              "isHook": false,
              "skipped": false
            },
            {
              "title": "Sort products list from A to Z",
              "fullTitle": "Sort product gallery page Sort products list from A to Z",
              "timedOut": null,
              "duration": 12966,
              "state": "passed",
              "speed": "slow",
              "pass": true,
              "fail": false,
              "pending": false,
              "context": null,
              "code": "_sortProducts.default.sortItems(_sort.default.sort['A to Z']); //Sort the data list based on name, from A to Z\n\n_sort.default.Products.sort();\ncy.get(_sortProducts.default.productName).each(($elem, index) => {\n  expect($elem.text()).equal(_sort.default.Products[index].name);\n});",
              "err": {},
              "uuid": "d3525571-5aec-4fab-a2d6-89b1579a4205",
              "parentUUID": "084c9948-9782-4fa7-9556-e9089ae75a06",
              "isHook": false,
              "skipped": false
            }
          ],
          "suites": [],
          "passes": [
            "57b61e12-e567-477a-a8df-b4427781b8ae",
            "1becedf4-ce7e-4f7d-aa66-277d31b15151",
            "d3525571-5aec-4fab-a2d6-89b1579a4205"
          ],
          "failures": [],
          "pending": [],
          "skipped": [],
          "duration": 44438,
          "root": false,
          "rootEmpty": false,
          "_timeout": 2000
        }
      ],
      "passes": [],
      "failures": [],
      "pending": [],
      "skipped": [],
      "duration": 0,
      "root": true,
      "rootEmpty": true,
      "_timeout": 2000
    }
  ],
  "meta": {
    "mocha": {
      "version": "7.0.1"
    },
    "mochawesome": {
      "options": {
        "quiet": false,
        "reportFilename": "mochawesome",
        "saveHtml": false,
        "saveJson": true,
        "consoleReporter": "spec",
        "useInlineDiffs": false,
        "code": true
      },
      "version": "7.1.3"
    },
    "marge": {
      "options": {
        "reportDir": "cypress/reports",
        "overwrite": false,
        "html": false,
        "json": true
      },
      "version": "6.2.0"
    }
  }
}