{
  "stats": {
    "suites": 1,
    "tests": 3,
    "passes": 3,
    "pending": 0,
    "failures": 0,
    "start": "2022-12-18T01:51:36.289Z",
    "end": "2022-12-18T01:52:09.212Z",
    "duration": 32923,
    "testsRegistered": 3,
    "passPercent": 100,
    "pendingPercent": 0,
    "other": 0,
    "hasOther": false,
    "skipped": 0,
    "hasSkipped": false
  },
  "results": [
    {
      "uuid": "b806635c-7321-4c77-a1fe-c718245bae11",
      "title": "",
      "fullFile": "cypress\\e2e\\test\\AddtoCart.cy.js",
      "file": "cypress\\e2e\\test\\AddtoCart.cy.js",
      "beforeHooks": [],
      "afterHooks": [],
      "tests": [],
      "suites": [
        {
          "uuid": "11480627-f764-465a-9dfb-cac3cc5ed733",
          "title": "Verify Product Details",
          "fullFile": "",
          "file": "",
          "beforeHooks": [],
          "afterHooks": [],
          "tests": [
            {
              "title": "Select an item from the product gallery page",
              "fullTitle": "Verify Product Details Select an item from the product gallery page",
              "timedOut": null,
              "duration": 15210,
              "state": "passed",
              "speed": "slow",
              "pass": true,
              "fail": false,
              "pending": false,
              "context": null,
              "code": "//choose an item from gallery page\n_cart.default.selectMacbook();\ncy.get(_cart.default.title).should('be.visible');\ncy.get(_cart.default.title).should('contain.text', 'Mackbook Pro'); //title of product should be on page\ncy.url().should('include', _routes.default.laptopDetail); //should be directed to this product detail page",
              "err": {},
              "uuid": "dfa7b1f6-c9a3-40dc-b6de-fe47e5b4a10a",
              "parentUUID": "11480627-f764-465a-9dfb-cac3cc5ed733",
              "isHook": false,
              "skipped": false
            },
            {
              "title": "Increase product quantity from the product detail page",
              "fullTitle": "Verify Product Details Increase product quantity from the product detail page",
              "timedOut": null,
              "duration": 7513,
              "state": "passed",
              "speed": "medium",
              "pass": true,
              "fail": false,
              "pending": false,
              "context": null,
              "code": "//choose an item from gallery page\n_cart.default.selectMacbook(); //increase the qauntity of the product to 2\n\n_cart.default.increaseProductAmt();\ncy.get(_cart.default.quantity).should('contain.value', '2'); //increased number should be shown\ncy.get(_cart.default.price).should('contain.text', '2000'); //price of product should be on page\ncy.url().should('include', _routes.default.laptopDetail);",
              "err": {},
              "uuid": "6df54371-2fca-4893-8a86-3cc189e76fbc",
              "parentUUID": "11480627-f764-465a-9dfb-cac3cc5ed733",
              "isHook": false,
              "skipped": false
            },
            {
              "title": "Add items to the cart from the product detail page",
              "fullTitle": "Verify Product Details Add items to the cart from the product detail page",
              "timedOut": null,
              "duration": 9978,
              "state": "passed",
              "speed": "medium",
              "pass": true,
              "fail": false,
              "pending": false,
              "context": null,
              "code": "//choose an item from gallery page\n_cart.default.selectMacbook(); //increase the qauntity of the product to 2\n\n_cart.default.increaseProductAmt(); //add the products to cart\n\n_cart.default.addLaptopToCart();\ncy.get(_cart.default.title).should('contain.text', 'Mackbook Pro');\ncy.get(_cart.default.cartQuantity).should('contain.text', '2');\ncy.url().should('include', _routes.default.cart); //should be routed to cart page",
              "err": {},
              "uuid": "7ece782c-a9bc-4c36-8d0a-b081ba4acee3",
              "parentUUID": "11480627-f764-465a-9dfb-cac3cc5ed733",
              "isHook": false,
              "skipped": false
            }
          ],
          "suites": [],
          "passes": [
            "dfa7b1f6-c9a3-40dc-b6de-fe47e5b4a10a",
            "6df54371-2fca-4893-8a86-3cc189e76fbc",
            "7ece782c-a9bc-4c36-8d0a-b081ba4acee3"
          ],
          "failures": [],
          "pending": [],
          "skipped": [],
          "duration": 32701,
          "root": false,
          "rootEmpty": false,
          "_timeout": 2000
        }
      ],
      "passes": [],
      "failures": [],
      "pending": [],
      "skipped": [],
      "duration": 0,
      "root": true,
      "rootEmpty": true,
      "_timeout": 2000
    }
  ],
  "meta": {
    "mocha": {
      "version": "7.0.1"
    },
    "mochawesome": {
      "options": {
        "quiet": false,
        "reportFilename": "mochawesome",
        "saveHtml": false,
        "saveJson": true,
        "consoleReporter": "spec",
        "useInlineDiffs": false,
        "code": true
      },
      "version": "7.1.3"
    },
    "marge": {
      "options": {
        "reportDir": "cypress/reports",
        "overwrite": false,
        "html": false,
        "json": true
      },
      "version": "6.2.0"
    }
  }
}