{
  "stats": {
    "suites": 1,
    "tests": 3,
    "passes": 2,
    "pending": 0,
    "failures": 1,
    "start": "2022-12-18T01:57:36.897Z",
    "end": "2022-12-18T01:58:15.419Z",
    "duration": 38522,
    "testsRegistered": 3,
    "passPercent": 66.66666666666666,
    "pendingPercent": 0,
    "other": 0,
    "hasOther": false,
    "skipped": 0,
    "hasSkipped": false
  },
  "results": [
    {
      "uuid": "febad387-94e5-41f6-91f0-921972936d7c",
      "title": "",
      "fullFile": "cypress\\e2e\\test\\Searches.cy.js",
      "file": "cypress\\e2e\\test\\Searches.cy.js",
      "beforeHooks": [],
      "afterHooks": [],
      "tests": [],
      "suites": [
        {
          "uuid": "21c3cd97-4513-451d-a768-212d2bc0987e",
          "title": "Make various searches",
          "fullFile": "",
          "file": "",
          "beforeHooks": [],
          "afterHooks": [],
          "tests": [
            {
              "title": "Search the partial name of a product",
              "fullTitle": "Make various searches Search the partial name of a product",
              "timedOut": null,
              "duration": 14333,
              "state": "passed",
              "speed": "slow",
              "pass": true,
              "fail": false,
              "pending": false,
              "context": null,
              "code": "//t\n_search.default.enterSearch('mou');\ncy.get(_search.default.mousepadImg).should('be.visible');\ncy.get(_search.default.mousepadPrice).should('include.text', '20');\ncy.get(_search.default.mousepadCart).should('be.visible');",
              "err": {},
              "uuid": "0c5fcc11-14c9-49c4-af8c-2c327d5839d9",
              "parentUUID": "21c3cd97-4513-451d-a768-212d2bc0987e",
              "isHook": false,
              "skipped": false
            },
            {
              "title": "Search the wrong name of a product",
              "fullTitle": "Make various searches Search the wrong name of a product",
              "timedOut": null,
              "duration": 11948,
              "state": "passed",
              "speed": "slow",
              "pass": true,
              "fail": false,
              "pending": false,
              "context": null,
              "code": "_search.default.enterSearch('jacket');\ncy.get(_search.default.mousepadImg).should('not.exist');\ncy.get(_search.default.noProduct).should('be.visible');\ncy.get(_search.default.noProduct).should('be.empty');\ncy.get(_search.default.mousepadCart).should('not.exist');",
              "err": {},
              "uuid": "86f66e18-60ad-422f-9399-f445f77d52cc",
              "parentUUID": "21c3cd97-4513-451d-a768-212d2bc0987e",
              "isHook": false,
              "skipped": false
            },
            {
              "title": "Search the name of a product under a category",
              "fullTitle": "Make various searches Search the name of a product under a category",
              "timedOut": null,
              "duration": 11396,
              "state": "failed",
              "speed": null,
              "pass": false,
              "fail": true,
              "pending": false,
              "context": null,
              "code": "_search.default.selectCategory('p');\n_search.default.enterSearch('cargo');\ncy.get(_search.default.mousepadImg).should('not.exist'). //a product name that does not include the searched should not exist on the search result\ncy.get(_search.default.cargo).should('be.visible'); //the product searched search be visible on the product gallery page\ncy.get(_search.default.tag).should('contain.text', 'pants');",
              "err": {
                "message": "TypeError: Cannot read properties of undefined (reading 'get')",
                "estack": "TypeError: Cannot read properties of undefined (reading 'get')\n    at Context.eval (webpack:///./cypress/e2e/test/Searches.cy.js:48:11)",
                "diff": null
              },
              "uuid": "ed79d019-61ba-4643-a13e-f6032fb2a14c",
              "parentUUID": "21c3cd97-4513-451d-a768-212d2bc0987e",
              "isHook": false,
              "skipped": false
            }
          ],
          "suites": [],
          "passes": [
            "0c5fcc11-14c9-49c4-af8c-2c327d5839d9",
            "86f66e18-60ad-422f-9399-f445f77d52cc"
          ],
          "failures": [
            "ed79d019-61ba-4643-a13e-f6032fb2a14c"
          ],
          "pending": [],
          "skipped": [],
          "duration": 37677,
          "root": false,
          "rootEmpty": false,
          "_timeout": 2000
        }
      ],
      "passes": [],
      "failures": [],
      "pending": [],
      "skipped": [],
      "duration": 0,
      "root": true,
      "rootEmpty": true,
      "_timeout": 2000
    }
  ],
  "meta": {
    "mocha": {
      "version": "7.0.1"
    },
    "mochawesome": {
      "options": {
        "quiet": false,
        "reportFilename": "mochawesome",
        "saveHtml": false,
        "saveJson": true,
        "consoleReporter": "spec",
        "useInlineDiffs": false,
        "code": true
      },
      "version": "7.1.3"
    },
    "marge": {
      "options": {
        "reportDir": "cypress/reports",
        "overwrite": false,
        "html": false,
        "json": true
      },
      "version": "6.2.0"
    }
  }
}