{
  "stats": {
    "suites": 1,
    "tests": 1,
    "passes": 0,
    "pending": 0,
    "failures": 1,
    "start": "2022-12-18T01:52:16.630Z",
    "end": "2022-12-18T01:52:27.721Z",
    "duration": 11091,
    "testsRegistered": 1,
    "passPercent": 0,
    "pendingPercent": 0,
    "other": 0,
    "hasOther": false,
    "skipped": 0,
    "hasSkipped": false
  },
  "results": [
    {
      "uuid": "e3b3ba56-e5a8-489b-8e78-ca200bd71c44",
      "title": "",
      "fullFile": "cypress\\e2e\\test\\Authenticate.cy.js",
      "file": "cypress\\e2e\\test\\Authenticate.cy.js",
      "beforeHooks": [],
      "afterHooks": [],
      "tests": [],
      "suites": [
        {
          "uuid": "2215f9ea-775f-4484-9c67-6c2c8455fc16",
          "title": "Authenticate various users",
          "fullFile": "",
          "file": "",
          "beforeHooks": [],
          "afterHooks": [],
          "tests": [
            {
              "title": "Signup user valid credentials",
              "fullTitle": "Authenticate various users Signup user valid credentials",
              "timedOut": null,
              "duration": 11000,
              "state": "failed",
              "speed": null,
              "pass": false,
              "fail": true,
              "pending": false,
              "context": null,
              "code": "cy.origin('https://dev-mlluudmotpwoldtv.us.auth0.com', {\n  args: {}\n}, ({}) => {\n  //navigate to the signup form\n  cy.get(`li a[href=\"#\"]`).click(); //sign up a new user with valid email and password\n  cy.get(`input[id*='email']`).type('thishomies@gail.co');\n  cy.get(`[id='1-password']`).type('WordPass1');\n  cy.get(`button[type=\"submit\"]`).click();\n}); //confirm user is signed in\ncy.url().should('include', '/products');",
              "err": {
                "message": "AssertionError: Timed out retrying after 4000ms: expected 'https://dev-mlluudmotpwoldtv.us.auth0.com/login?state=hKFo2SA5d3FfZHNWZkVQR1pqY3o1WWhWTU1LVERfY3FldzdrS6FupWxvZ2luo3RpZNkgY1lOd2JVVFRBSnI3X2VsYjd0NW92UjdqNDJSWG00UzKjY2lk2SBHbzVxVW16cTFLcWNnTzFIUVdNbWI5ZHFxRFVEOElQdQ&client=Go5qUmzq1KqcgO1HQWMmb9dqqDUD8IPu&protocol=oauth2&scope=openid%20profile%20email&response_type=code&redirect_uri=https%3A%2F%2Fui-automation-camp.vercel.app%2Fapi%2Fauth%2Fcallback&nonce=ax5S7uTGet_mS4BGMsm7waCqP3bQ1fiUbiiAycZGACw&code_challenge=97R4ON88EI6qYK8124zZdfVtKbHdLPyLBMm96jzV9_4&code_challenge_method=S256' to include '/products'",
                "estack": "AssertionError: Timed out retrying after 4000ms: expected 'https://dev-mlluudmotpwoldtv.us.auth0.com/login?state=hKFo2SA5d3FfZHNWZkVQR1pqY3o1WWhWTU1LVERfY3FldzdrS6FupWxvZ2luo3RpZNkgY1lOd2JVVFRBSnI3X2VsYjd0NW92UjdqNDJSWG00UzKjY2lk2SBHbzVxVW16cTFLcWNnTzFIUVdNbWI5ZHFxRFVEOElQdQ&client=Go5qUmzq1KqcgO1HQWMmb9dqqDUD8IPu&protocol=oauth2&scope=openid%20profile%20email&response_type=code&redirect_uri=https%3A%2F%2Fui-automation-camp.vercel.app%2Fapi%2Fauth%2Fcallback&nonce=ax5S7uTGet_mS4BGMsm7waCqP3bQ1fiUbiiAycZGACw&code_challenge=97R4ON88EI6qYK8124zZdfVtKbHdLPyLBMm96jzV9_4&code_challenge_method=S256' to include '/products'\n    at Context.eval (webpack:///./cypress/e2e/test/Authenticate.cy.js:24:18)",
                "diff": null
              },
              "uuid": "4de5c93d-6a14-4daf-ae90-0859232c880b",
              "parentUUID": "2215f9ea-775f-4484-9c67-6c2c8455fc16",
              "isHook": false,
              "skipped": false
            }
          ],
          "suites": [],
          "passes": [],
          "failures": [
            "4de5c93d-6a14-4daf-ae90-0859232c880b"
          ],
          "pending": [],
          "skipped": [],
          "duration": 11000,
          "root": false,
          "rootEmpty": false,
          "_timeout": 2000
        }
      ],
      "passes": [],
      "failures": [],
      "pending": [],
      "skipped": [],
      "duration": 0,
      "root": true,
      "rootEmpty": true,
      "_timeout": 2000
    }
  ],
  "meta": {
    "mocha": {
      "version": "7.0.1"
    },
    "mochawesome": {
      "options": {
        "quiet": false,
        "reportFilename": "mochawesome",
        "saveHtml": false,
        "saveJson": true,
        "consoleReporter": "spec",
        "useInlineDiffs": false,
        "code": true
      },
      "version": "7.1.3"
    },
    "marge": {
      "options": {
        "reportDir": "cypress/reports",
        "overwrite": false,
        "html": false,
        "json": true
      },
      "version": "6.2.0"
    }
  }
}