{
  "stats": {
    "suites": 1,
    "tests": 3,
    "passes": 2,
    "pending": 0,
    "failures": 1,
    "start": "2022-12-18T04:33:41.971Z",
    "end": "2022-12-18T04:34:35.551Z",
    "duration": 53580,
    "testsRegistered": 3,
    "passPercent": 66.66666666666666,
    "pendingPercent": 0,
    "other": 0,
    "hasOther": false,
    "skipped": 0,
    "hasSkipped": false
  },
  "results": [
    {
      "uuid": "1fb442e7-625c-4011-a983-a7a057886052",
      "title": "",
      "fullFile": "cypress\\e2e\\test\\AddtoCart.cy.js",
      "file": "cypress\\e2e\\test\\AddtoCart.cy.js",
      "beforeHooks": [],
      "afterHooks": [],
      "tests": [],
      "suites": [
        {
          "uuid": "647f6bdd-b45b-4037-a6ab-7cf8ef0bd0ba",
          "title": "Verify Product Details",
          "fullFile": "",
          "file": "",
          "beforeHooks": [],
          "afterHooks": [],
          "tests": [
            {
              "title": "Select an item from the product gallery page",
              "fullTitle": "Verify Product Details Select an item from the product gallery page",
              "timedOut": null,
              "duration": 22441,
              "state": "passed",
              "speed": "slow",
              "pass": true,
              "fail": false,
              "pending": false,
              "context": null,
              "code": "//choose an item from gallery page\n_cart.default.selectMacbook();\ncy.get(_cart.default.title).should('be.visible');\ncy.get(_cart.default.title).should('contain.text', 'Mackbook Pro'); //title of product should be on page\ncy.url().should('include', _routes.default.laptopDetail); //should be directed to this product detail page",
              "err": {},
              "uuid": "64abf591-6b67-4daf-ad7f-ea88470e33bb",
              "parentUUID": "647f6bdd-b45b-4037-a6ab-7cf8ef0bd0ba",
              "isHook": false,
              "skipped": false
            },
            {
              "title": "Increase product quantity from the product detail page",
              "fullTitle": "Verify Product Details Increase product quantity from the product detail page",
              "timedOut": null,
              "duration": 15891,
              "state": "failed",
              "speed": null,
              "pass": false,
              "fail": true,
              "pending": false,
              "context": null,
              "code": "//choose an item from gallery page\n_cart.default.selectMacbook(); //increase the qauntity of the product to 2\n\n_cart.default.increaseProductAmt();\ncy.get(_cart.default.quantity).should('contain.value', '2'); //increased number should be shown\ncy.get(_cart.default.price).should('contain.text', '2000'); //price of product should be on page\ncy.url().should('include', _routes.default.laptopDetail);",
              "err": {
                "message": "AssertionError: Timed out retrying after 4000ms: Expected to find element: `#product-increase`, but never found it.",
                "estack": "AssertionError: Timed out retrying after 4000ms: Expected to find element: `#product-increase`, but never found it.\n    at CartFlow.increaseProductAmt (webpack:///./cypress/e2e/pageobjects/cart.page.js:37:11)\n    at Context.eval (webpack:///./cypress/e2e/test/AddtoCart.cy.js:37:17)",
                "diff": null
              },
              "uuid": "099aac50-9fa3-4cbb-8c48-b981134f6db9",
              "parentUUID": "647f6bdd-b45b-4037-a6ab-7cf8ef0bd0ba",
              "isHook": false,
              "skipped": false
            },
            {
              "title": "Add items to the cart from the product detail page",
              "fullTitle": "Verify Product Details Add items to the cart from the product detail page",
              "timedOut": null,
              "duration": 14554,
              "state": "passed",
              "speed": "slow",
              "pass": true,
              "fail": false,
              "pending": false,
              "context": null,
              "code": "//choose an item from gallery page\n_cart.default.selectMacbook(); //increase the qauntity of the product to 2\n\n_cart.default.increaseProductAmt(); //add the products to cart\n\n_cart.default.addLaptopToCart();\ncy.get(_cart.default.title).should('contain.text', 'Mackbook Pro');\ncy.get(_cart.default.cartQuantity).should('contain.text', '2');\ncy.url().should('include', _routes.default.cart); //should be routed to cart page",
              "err": {},
              "uuid": "cbed2458-0365-431c-b319-3107b88a54bd",
              "parentUUID": "647f6bdd-b45b-4037-a6ab-7cf8ef0bd0ba",
              "isHook": false,
              "skipped": false
            }
          ],
          "suites": [],
          "passes": [
            "64abf591-6b67-4daf-ad7f-ea88470e33bb",
            "cbed2458-0365-431c-b319-3107b88a54bd"
          ],
          "failures": [
            "099aac50-9fa3-4cbb-8c48-b981134f6db9"
          ],
          "pending": [],
          "skipped": [],
          "duration": 52886,
          "root": false,
          "rootEmpty": false,
          "_timeout": 2000
        }
      ],
      "passes": [],
      "failures": [],
      "pending": [],
      "skipped": [],
      "duration": 0,
      "root": true,
      "rootEmpty": true,
      "_timeout": 2000
    }
  ],
  "meta": {
    "mocha": {
      "version": "7.0.1"
    },
    "mochawesome": {
      "options": {
        "quiet": false,
        "reportFilename": "mochawesome",
        "saveHtml": false,
        "saveJson": true,
        "consoleReporter": "spec",
        "useInlineDiffs": false,
        "code": true
      },
      "version": "7.1.3"
    },
    "marge": {
      "options": {
        "reportDir": "cypress/reports",
        "overwrite": false,
        "html": false,
        "json": true
      },
      "version": "6.2.0"
    }
  }
}