{
  "stats": {
    "suites": 1,
    "tests": 3,
    "passes": 2,
    "pending": 0,
    "failures": 1,
    "start": "2022-12-18T01:56:32.162Z",
    "end": "2022-12-18T01:57:22.751Z",
    "duration": 50589,
    "testsRegistered": 3,
    "passPercent": 66.66666666666666,
    "pendingPercent": 0,
    "other": 0,
    "hasOther": false,
    "skipped": 0,
    "hasSkipped": false
  },
  "results": [
    {
      "uuid": "c72f42b8-6bd1-4387-8147-900cb486738a",
      "title": "",
      "fullFile": "cypress\\e2e\\test\\productGallery.cy.js",
      "file": "cypress\\e2e\\test\\productGallery.cy.js",
      "beforeHooks": [],
      "afterHooks": [],
      "tests": [],
      "suites": [
        {
          "uuid": "d89567c5-4552-4a54-b871-bc74153fa589",
          "title": "Product Gallery",
          "fullFile": "",
          "file": "",
          "beforeHooks": [],
          "afterHooks": [],
          "tests": [
            {
              "title": "Add a product with a quantity of 2 to cart from the product gallery page",
              "fullTitle": "Product Gallery Add a product with a quantity of 2 to cart from the product gallery page",
              "timedOut": null,
              "duration": 23238,
              "state": "failed",
              "speed": null,
              "pass": false,
              "fail": true,
              "pending": false,
              "context": null,
              "code": "//clear the quantity field and increase amount\n_pgallery.default.increaseAmt(); //add the product to cart\n\n_pgallery.default.addSweatshirtToCart(); //wait 4 seconds for page to update\n\ncy.wait(4000); //verify that product is added to cart\ncy.get(_pgallery.default.cartIcon).should('contain.text', '$100'); // cy.get(`//button[@data-item-id='quality-sweatshirt-hooded']`).should('be.visible')\n// cy.get(``)",
              "err": {
                "message": "AssertionError: Timed out retrying after 4000ms: expected '<button#top-cart.chakra-button.snipcart-checkout.css-186fne3>' to contain text '$100', but the text was '$0.00'",
                "estack": "AssertionError: Timed out retrying after 4000ms: expected '<button#top-cart.chakra-button.snipcart-checkout.css-186fne3>' to contain text '$100', but the text was '$0.00'\n    at Context.eval (webpack:///./cypress/e2e/test/productGallery.cy.js:35:38)",
                "diff": "- '$0.00'\n+ '$100'\n"
              },
              "uuid": "026d2f4a-26c3-4f6d-9289-2dd9d3e3eb07",
              "parentUUID": "d89567c5-4552-4a54-b871-bc74153fa589",
              "isHook": false,
              "skipped": false
            },
            {
              "title": "Verify clicking the cart icon directs you to the cart summary",
              "fullTitle": "Product Gallery Verify clicking the cart icon directs you to the cart summary",
              "timedOut": null,
              "duration": 14799,
              "state": "passed",
              "speed": "slow",
              "pass": true,
              "fail": false,
              "pending": false,
              "context": null,
              "code": "//add jean pants to cart\n_pgallery.default.addJeanPants(); //wait 3 seconds for page to update\n\ncy.wait(3000); //click cart button\n_pgallery.default.checkCart(); //verify cart summary is open\n\ncy.get(_pgallery.default.cartIcon).should('be.visible');\ncy.get(_pgallery.default.summary).should('contain.text', 'Cart summary');",
              "err": {},
              "uuid": "0e3af13f-4659-4575-ae2e-2c12f60686bb",
              "parentUUID": "d89567c5-4552-4a54-b871-bc74153fa589",
              "isHook": false,
              "skipped": false
            },
            {
              "title": "Sign user out from product gallery page",
              "fullTitle": "Product Gallery Sign user out from product gallery page",
              "timedOut": null,
              "duration": 11855,
              "state": "passed",
              "speed": "slow",
              "pass": true,
              "fail": false,
              "pending": false,
              "context": null,
              "code": "//click sign out button\n_pgallery.default.signOutUser(); //verify the user is signed out\n\ncy.get('.chakra-heading.css-xrxou1').should('contain.text', 'Welcome to the Automation Camp Store');\ncy.get('#signInOrRegister').should('be.visible');\ncy.url().should('contain', _routes.default.main);",
              "err": {},
              "uuid": "2992dfb0-a2da-4b0c-a36f-233e82893934",
              "parentUUID": "d89567c5-4552-4a54-b871-bc74153fa589",
              "isHook": false,
              "skipped": false
            }
          ],
          "suites": [],
          "passes": [
            "0e3af13f-4659-4575-ae2e-2c12f60686bb",
            "2992dfb0-a2da-4b0c-a36f-233e82893934"
          ],
          "failures": [
            "026d2f4a-26c3-4f6d-9289-2dd9d3e3eb07"
          ],
          "pending": [],
          "skipped": [],
          "duration": 49892,
          "root": false,
          "rootEmpty": false,
          "_timeout": 2000
        }
      ],
      "passes": [],
      "failures": [],
      "pending": [],
      "skipped": [],
      "duration": 0,
      "root": true,
      "rootEmpty": true,
      "_timeout": 2000
    }
  ],
  "meta": {
    "mocha": {
      "version": "7.0.1"
    },
    "mochawesome": {
      "options": {
        "quiet": false,
        "reportFilename": "mochawesome",
        "saveHtml": false,
        "saveJson": true,
        "consoleReporter": "spec",
        "useInlineDiffs": false,
        "code": true
      },
      "version": "7.1.3"
    },
    "marge": {
      "options": {
        "reportDir": "cypress/reports",
        "overwrite": false,
        "html": false,
        "json": true
      },
      "version": "6.2.0"
    }
  }
}